# JRE version: OpenJDK Runtime Environment Zulu18.32+11-CA (18.0.2+9) (build 18.0.2+9)
# Java VM: OpenJDK 64-Bit Server VM Zulu18.32+11-CA (18.0.2+9, mixed mode, sharing, tiered, compressed oops, compressed class ptrs, g1 gc, linux-amd64)
GC Precious Log:
 CardTable entry size: 512
 Card Set container configuration: InlinePtr #cards 4 size 8 Array Of Cards #cards 16 size 48 Howl #buckets 8 coarsen threshold 3686 Howl Bitmap #cards 512 size 80 coarsen threshold 460 Card regions per heap region 1 cards per card region 4096
 CPUs: 12 total, 12 available
 Memory: 15217M
 Large Page Support: Disabled
 NUMA Support: Disabled
 Compressed Oops: Enabled (Zero based)
 Heap Region Size: 2M
 Heap Min Capacity: 8M
 Heap Initial Capacity: 238M
 Heap Max Capacity: 3806M
 Pre-touch: Disabled
 Parallel Workers: 10
 Concurrent Workers: 3
 Concurrent Refinement Workers: 10
 Periodic GC: Disabled
Heap:
 garbage-first heap   total 157696K, used 126268K [0x0000000712200000, 0x0000000800000000)
  region size 2048K, 23 young (47104K), 1 survivors (2048K)
 Metaspace       used 42975K, committed 43456K, reserved 1114112K
  class space    used 5535K, committed 5760K, reserved 1048576K
GC Heap History (20 events):
Event: 1760,485 GC heap before
{Heap before GC invocations=25 (full 0):
 garbage-first heap   total 157696K, used 127356K [0x0000000712200000, 0x0000000800000000)
  region size 2048K, 21 young (43008K), 1 survivors (2048K)
 Metaspace       used 43094K, committed 43456K, reserved 1114112K
  class space    used 5566K, committed 5760K, reserved 1048576K
}
Event: 1760,489 GC heap after
{Heap after GC invocations=26 (full 0):
 garbage-first heap   total 157696K, used 86299K [0x0000000712200000, 0x0000000800000000)
  region size 2048K, 1 young (2048K), 1 survivors (2048K)
 Metaspace       used 43094K, committed 43456K, reserved 1114112K
  class space    used 5566K, committed 5760K, reserved 1048576K
}
Event: 2136,617 GC heap before
{Heap before GC invocations=27 (full 0):
 garbage-first heap   total 157696K, used 129307K [0x0000000712200000, 0x0000000800000000)
  region size 2048K, 22 young (45056K), 1 survivors (2048K)
 Metaspace       used 43094K, committed 43456K, reserved 1114112K
  class space    used 5566K, committed 5760K, reserved 1048576K
}
Event: 2136,619 GC heap after
{Heap after GC invocations=28 (full 0):
 garbage-first heap   total 157696K, used 86301K [0x0000000712200000, 0x0000000800000000)
  region size 2048K, 1 young (2048K), 1 survivors (2048K)
 Metaspace       used 43094K, committed 43456K, reserved 1114112K
  class space    used 5566K, committed 5760K, reserved 1048576K
}
Event: 2512,825 GC heap before
{Heap before GC invocations=28 (full 0):
 garbage-first heap   total 157696K, used 129309K [0x0000000712200000, 0x0000000800000000)
  region size 2048K, 22 young (45056K), 1 survivors (2048K)
 Metaspace       used 43094K, committed 43456K, reserved 1114112K
  class space    used 5566K, committed 5760K, reserved 1048576K
}
Event: 2512,826 GC heap after
{Heap after GC invocations=29 (full 0):
 garbage-first heap   total 157696K, used 86323K [0x0000000712200000, 0x0000000800000000)
  region size 2048K, 1 young (2048K), 1 survivors (2048K)
 Metaspace       used 43094K, committed 43456K, reserved 1114112K
  class space    used 5566K, committed 5760K, reserved 1048576K
}
Event: 2905,565 GC heap before
{Heap before GC invocations=30 (full 0):
 garbage-first heap   total 157696K, used 131379K [0x0000000712200000, 0x0000000800000000)
  region size 2048K, 23 young (47104K), 1 survivors (2048K)
 Metaspace       used 43094K, committed 43456K, reserved 1114112K
  class space    used 5566K, committed 5760K, reserved 1048576K
}
Event: 2905,567 GC heap after
{Heap after GC invocations=31 (full 0):
 garbage-first heap   total 157696K, used 86345K [0x0000000712200000, 0x0000000800000000)
  region size 2048K, 1 young (2048K), 1 survivors (2048K)
 Metaspace       used 43094K, committed 43456K, reserved 1114112K
  class space    used 5566K, committed 5760K, reserved 1048576K
}
Event: 3297,584 GC heap before
{Heap before GC invocations=31 (full 0):
 garbage-first heap   total 157696K, used 131401K [0x0000000712200000, 0x0000000800000000)
  region size 2048K, 23 young (47104K), 1 survivors (2048K)
 Metaspace       used 43094K, committed 43456K, reserved 1114112K
  class space    used 5566K, committed 5760K, reserved 1048576K
}
Event: 3297,586 GC heap after
{Heap after GC invocations=32 (full 0):
 garbage-first heap   total 157696K, used 86255K [0x0000000712200000, 0x0000000800000000)
  region size 2048K, 1 young (2048K), 1 survivors (2048K)
 Metaspace       used 43094K, committed 43456K, reserved 1114112K
  class space    used 5566K, committed 5760K, reserved 1048576K
}
Event: 3686,685 GC heap before
{Heap before GC invocations=33 (full 0):
 garbage-first heap   total 157696K, used 131311K [0x0000000712200000, 0x0000000800000000)
  region size 2048K, 23 young (47104K), 1 survivors (2048K)
 Metaspace       used 43095K, committed 43456K, reserved 1114112K
  class space    used 5566K, committed 5760K, reserved 1048576K
}
Event: 3686,688 GC heap after
{Heap after GC invocations=34 (full 0):
 garbage-first heap   total 157696K, used 86312K [0x0000000712200000, 0x0000000800000000)
  region size 2048K, 1 young (2048K), 1 survivors (2048K)
 Metaspace       used 43095K, committed 43456K, reserved 1114112K
  class space    used 5566K, committed 5760K, reserved 1048576K
}
Event: 4080,083 GC heap before
{Heap before GC invocations=34 (full 0):
 garbage-first heap   total 157696K, used 131368K [0x0000000712200000, 0x0000000800000000)
  region size 2048K, 23 young (47104K), 1 survivors (2048K)
 Metaspace       used 43095K, committed 43456K, reserved 1114112K
  class space    used 5566K, committed 5760K, reserved 1048576K
}
Event: 4080,085 GC heap after
{Heap after GC invocations=35 (full 0):
 garbage-first heap   total 157696K, used 86254K [0x0000000712200000, 0x0000000800000000)
  region size 2048K, 1 young (2048K), 1 survivors (2048K)
 Metaspace       used 43095K, committed 43456K, reserved 1114112K
  class space    used 5566K, committed 5760K, reserved 1048576K
}
Event: 4490,686 GC heap before
{Heap before GC invocations=36 (full 0):
 garbage-first heap   total 157696K, used 133358K [0x0000000712200000, 0x0000000800000000)
  region size 2048K, 24 young (49152K), 1 survivors (2048K)
 Metaspace       used 42959K, committed 43456K, reserved 1114112K
  class space    used 5533K, committed 5760K, reserved 1048576K
}
Event: 4490,688 GC heap after
{Heap after GC invocations=37 (full 0):
 garbage-first heap   total 157696K, used 86199K [0x0000000712200000, 0x0000000800000000)
  region size 2048K, 1 young (2048K), 1 survivors (2048K)
 Metaspace       used 42959K, committed 43456K, reserved 1114112K
  class space    used 5533K, committed 5760K, reserved 1048576K
}
Event: 4526,200 GC heap before
{Heap before GC invocations=37 (full 0):
 garbage-first heap   total 157696K, used 90295K [0x0000000712200000, 0x0000000800000000)
  region size 2048K, 3 young (6144K), 1 survivors (2048K)
 Metaspace       used 42959K, committed 43456K, reserved 1114112K
  class space    used 5533K, committed 5760K, reserved 1048576K
}
Event: 4526,204 GC heap after
{Heap after GC invocations=38 (full 0):
 garbage-first heap   total 157696K, used 83279K [0x0000000712200000, 0x0000000800000000)
  region size 2048K, 1 young (2048K), 1 survivors (2048K)
 Metaspace       used 42959K, committed 43456K, reserved 1114112K
  class space    used 5533K, committed 5760K, reserved 1048576K
}
Event: 4969,504 GC heap before
{Heap before GC invocations=38 (full 0):
 garbage-first heap   total 157696K, used 134479K [0x0000000712200000, 0x0000000800000000)
  region size 2048K, 26 young (53248K), 1 survivors (2048K)
 Metaspace       used 42959K, committed 43456K, reserved 1114112K
  class space    used 5533K, committed 5760K, reserved 1048576K
}
Event: 4969,506 GC heap after
{Heap after GC invocations=39 (full 0):
 garbage-first heap   total 157696K, used 83260K [0x0000000712200000, 0x0000000800000000)
  region size 2048K, 1 young (2048K), 1 survivors (2048K)
 Metaspace       used 42959K, committed 43456K, reserved 1114112K
  class space    used 5533K, committed 5760K, reserved 1048576K
}

